<?xml version="1.0" encoding="UTF-8"?>
<!-- Generated by org.testng.reporters.JUnitXMLReporter -->
<testsuite hostname="Nividous" ignored="0" name="Regression 1" tests="3" failures="0" timestamp="26 Sep 2018 09:32:08 GMT" time="0.102" errors="0">
  <testcase name="testCaseTwo" time="0.03" classname="TestNG.TestParallelOne"/>
  <testcase name="testCaseThird" time="0.032" classname="TestNG.TestParallelOne"/>
  <testcase name="testCaseOne" time="0.038" classname="TestNG.TestParallelOne"/>
</testsuite> <!-- Regression 1 -->
