<?xml version="1.0" encoding="UTF-8"?>
<!-- Generated by org.testng.reporters.JUnitXMLReporter -->
<testsuite hostname="Nividous" ignored="0" name="Test 1" tests="4" failures="0" timestamp="26 Sep 2018 09:29:03 GMT" time="0.102" errors="0">
  <testcase name="testCaseOne" time="0.019" classname="TestNG.TestParallelClassTwo"/>
  <testcase name="testCaseOne" time="0.019" classname="TestNG.TestParallelClassOne"/>
  <testcase name="testCaseTwo" time="0.016" classname="TestNG.TestParallelClassTwo"/>
  <testcase name="testCaseTwo" time="0.016" classname="TestNG.TestParallelClassOne"/>
</testsuite> <!-- Test 1 -->
