<?xml version="1.0" encoding="UTF-8"?>
<!-- Generated by org.testng.reporters.JUnitXMLReporter -->
<testsuite hostname="Nividous" ignored="2" name="Practice Grouping" tests="3" failures="0" timestamp="11 Apr 2018 13:38:08 GMT" time="0.127" errors="0">
  <testcase name="Car2" time="0.024" classname="TestNG.Grouping"/>
  <testcase name="Sedan1" time="0.011" classname="TestNG.Grouping"/>
  <testcase name="car1" time="0.01" classname="TestNG.Grouping"/>
  <testcase name="Scooter2" time="0.0" classname="TestNG.Grouping">
    <ignored/>
  </testcase> <!-- Scooter2 -->
  <testcase name="Scooter1" time="0.0" classname="TestNG.Grouping">
    <ignored/>
  </testcase> <!-- Scooter1 -->
</testsuite> <!-- Practice Grouping -->
