<?xml version="1.0" encoding="UTF-8"?>
<testng-results skipped="0" failed="0" ignored="0" total="1" passed="1">
  <reporter-output>
  </reporter-output>
  <suite name="Default suite" duration-ms="16085" started-at="2018-07-30T12:39:30Z" finished-at="2018-07-30T12:39:47Z">
    <groups>
    </groups>
    <test name="Default test" duration-ms="16085" started-at="2018-07-30T12:39:30Z" finished-at="2018-07-30T12:39:47Z">
      <class name="ElementPresent">
        <test-method status="PASS" signature="beforetest()[pri:0, instance:ElementPresent@26be92ad]" name="beforetest" is-config="true" duration-ms="15080" started-at="2018-07-30T18:09:30Z" finished-at="2018-07-30T18:09:46Z">
          <reporter-output>
          </reporter-output>
        </test-method> <!-- beforetest -->
        <test-method status="PASS" signature="test()[pri:0, instance:ElementPresent@26be92ad]" name="test" duration-ms="96" started-at="2018-07-30T18:09:46Z" finished-at="2018-07-30T18:09:46Z">
          <reporter-output>
          </reporter-output>
        </test-method> <!-- test -->
        <test-method status="PASS" signature="aftertest()[pri:0, instance:ElementPresent@26be92ad]" name="aftertest" is-config="true" duration-ms="871" started-at="2018-07-30T18:09:46Z" finished-at="2018-07-30T18:09:47Z">
          <reporter-output>
          </reporter-output>
        </test-method> <!-- aftertest -->
      </class> <!-- ElementPresent -->
    </test> <!-- Default test -->
  </suite> <!-- Default suite -->
</testng-results>
