<?xml version="1.0" encoding="UTF-8"?>
<testng-results skipped="0" failed="0" ignored="0" total="2" passed="2">
  <reporter-output>
  </reporter-output>
  <suite name="Parameterization Test Suite" duration-ms="81" started-at="2018-09-26T09:49:07Z" finished-at="2018-09-26T09:49:07Z">
    <groups>
    </groups>
    <test name="Testing Parameterization" duration-ms="81" started-at="2018-09-26T09:49:07Z" finished-at="2018-09-26T09:49:07Z">
      <class name="TestNG.TestParameters">
        <test-method status="PASS" signature="testCaseOne(java.lang.String)[pri:0, instance:TestNG.TestParameters@39aeed2f]" name="testCaseOne" duration-ms="13" started-at="2018-09-26T15:19:07Z" finished-at="2018-09-26T15:19:07Z">
          <params>
            <param index="0">
              <value>
                <![CDATA[Chrome]]>
              </value>
            </param>
          </params>
          <reporter-output>
          </reporter-output>
        </test-method> <!-- testCaseOne -->
        <test-method status="PASS" signature="testCaseTwo(java.lang.String, java.lang.String)[pri:0, instance:TestNG.TestParameters@39aeed2f]" name="testCaseTwo" duration-ms="0" started-at="2018-09-26T15:19:07Z" finished-at="2018-09-26T15:19:07Z">
          <params>
            <param index="0">
              <value>
                <![CDATA[testuser]]>
              </value>
            </param>
            <param index="1">
              <value>
                <![CDATA[testpassword]]>
              </value>
            </param>
          </params>
          <reporter-output>
          </reporter-output>
        </test-method> <!-- testCaseTwo -->
      </class> <!-- TestNG.TestParameters -->
    </test> <!-- Testing Parameterization -->
  </suite> <!-- Parameterization Test Suite -->
</testng-results>
